# JRE version: Java(TM) SE Runtime Environment (17.0.16+12) (build 17.0.16+12-LTS-247)
# Java VM: Java HotSpot(TM) 64-Bit Server VM (17.0.16+12-LTS-247, mixed mode, sharing, tiered, compressed oops, compressed class ptrs, g1 gc, windows-amd64)
GC Precious Log:
 CPUs: 16 total, 16 available
 Memory: 16109M
 Large Page Support: Disabled
 NUMA Support: Disabled
 Compressed Oops: Enabled (Zero based)
 Heap Region Size: 2M
 Heap Min Capacity: 8M
 Heap Initial Capacity: 252M
 Heap Max Capacity: 4028M
 Pre-touch: Disabled
 Parallel Workers: 13
 Concurrent Workers: 3
 Concurrent Refinement Workers: 13
 Periodic GC: Disabled
Heap:
 garbage-first heap   total 145408K, used 111506K [0x0000000704400000, 0x0000000800000000)
  region size 2048K, 21 young (43008K), 1 survivors (2048K)
 Metaspace       used 26643K, committed 27072K, reserved 1114112K
  class space    used 2865K, committed 3072K, reserved 1048576K
GC Heap History (20 events):
Event: 5.801 GC heap before
{Heap before GC invocations=5 (full 0):
 garbage-first heap   total 75776K, used 60653K [0x0000000704400000, 0x0000000800000000)
  region size 2048K, 22 young (45056K), 2 survivors (4096K)
 Metaspace       used 22961K, committed 23296K, reserved 1114112K
  class space    used 2520K, committed 2688K, reserved 1048576K
}
Event: 5.809 GC heap after
{Heap after GC invocations=6 (full 0):
 garbage-first heap   total 86016K, used 39287K [0x0000000704400000, 0x0000000800000000)
  region size 2048K, 10 young (20480K), 10 survivors (20480K)
 Metaspace       used 22961K, committed 23296K, reserved 1114112K
  class space    used 2520K, committed 2688K, reserved 1048576K
}
Event: 6.012 GC heap before
{Heap before GC invocations=6 (full 0):
 garbage-first heap   total 86016K, used 51575K [0x0000000704400000, 0x0000000800000000)
  region size 2048K, 17 young (34816K), 10 survivors (20480K)
 Metaspace       used 22985K, committed 23296K, reserved 1114112K
  class space    used 2520K, committed 2688K, reserved 1048576K
}
Event: 6.019 GC heap after
{Heap after GC invocations=7 (full 0):
 garbage-first heap   total 86016K, used 45391K [0x0000000704400000, 0x0000000800000000)
  region size 2048K, 3 young (6144K), 3 survivors (6144K)
 Metaspace       used 22985K, committed 23296K, reserved 1114112K
  class space    used 2520K, committed 2688K, reserved 1048576K
}
Event: 6.116 GC heap before
{Heap before GC invocations=7 (full 0):
 garbage-first heap   total 86016K, used 57679K [0x0000000704400000, 0x0000000800000000)
  region size 2048K, 10 young (20480K), 3 survivors (6144K)
 Metaspace       used 22998K, committed 23360K, reserved 1114112K
  class space    used 2520K, committed 2688K, reserved 1048576K
}
Event: 6.121 GC heap after
{Heap after GC invocations=8 (full 0):
 garbage-first heap   total 86016K, used 51200K [0x0000000704400000, 0x0000000800000000)
  region size 2048K, 2 young (4096K), 2 survivors (4096K)
 Metaspace       used 22998K, committed 23360K, reserved 1114112K
  class space    used 2520K, committed 2688K, reserved 1048576K
}
Event: 6.336 GC heap before
{Heap before GC invocations=9 (full 0):
 garbage-first heap   total 90112K, used 63488K [0x0000000704400000, 0x0000000800000000)
  region size 2048K, 8 young (16384K), 2 survivors (4096K)
 Metaspace       used 23644K, committed 23936K, reserved 1114112K
  class space    used 2589K, committed 2752K, reserved 1048576K
}
Event: 6.343 GC heap after
{Heap after GC invocations=10 (full 0):
 garbage-first heap   total 90112K, used 54745K [0x0000000704400000, 0x0000000800000000)
  region size 2048K, 1 young (2048K), 1 survivors (2048K)
 Metaspace       used 23644K, committed 23936K, reserved 1114112K
  class space    used 2589K, committed 2752K, reserved 1048576K
}
Event: 6.481 GC heap before
{Heap before GC invocations=10 (full 0):
 garbage-first heap   total 90112K, used 67033K [0x0000000704400000, 0x0000000800000000)
  region size 2048K, 7 young (14336K), 1 survivors (2048K)
 Metaspace       used 23899K, committed 24192K, reserved 1114112K
  class space    used 2600K, committed 2752K, reserved 1048576K
}
Event: 6.486 GC heap after
{Heap after GC invocations=11 (full 0):
 garbage-first heap   total 90112K, used 58257K [0x0000000704400000, 0x0000000800000000)
  region size 2048K, 1 young (2048K), 1 survivors (2048K)
 Metaspace       used 23899K, committed 24192K, reserved 1114112K
  class space    used 2600K, committed 2752K, reserved 1048576K
}
Event: 6.544 GC heap before
{Heap before GC invocations=12 (full 0):
 garbage-first heap   total 106496K, used 64401K [0x0000000704400000, 0x0000000800000000)
  region size 2048K, 5 young (10240K), 1 survivors (2048K)
 Metaspace       used 23968K, committed 24256K, reserved 1114112K
  class space    used 2602K, committed 2752K, reserved 1048576K
}
Event: 6.549 GC heap after
{Heap after GC invocations=13 (full 0):
 garbage-first heap   total 106496K, used 60490K [0x0000000704400000, 0x0000000800000000)
  region size 2048K, 1 young (2048K), 1 survivors (2048K)
 Metaspace       used 23968K, committed 24256K, reserved 1114112K
  class space    used 2602K, committed 2752K, reserved 1048576K
}
Event: 6.730 GC heap before
{Heap before GC invocations=14 (full 0):
 garbage-first heap   total 110592K, used 80970K [0x0000000704400000, 0x0000000800000000)
  region size 2048K, 10 young (20480K), 1 survivors (2048K)
 Metaspace       used 24102K, committed 24384K, reserved 1114112K
  class space    used 2606K, committed 2752K, reserved 1048576K
}
Event: 6.739 GC heap after
{Heap after GC invocations=15 (full 0):
 garbage-first heap   total 110592K, used 65919K [0x0000000704400000, 0x0000000800000000)
  region size 2048K, 2 young (4096K), 2 survivors (4096K)
 Metaspace       used 24102K, committed 24384K, reserved 1114112K
  class space    used 2606K, committed 2752K, reserved 1048576K
}
Event: 7.038 GC heap before
{Heap before GC invocations=15 (full 0):
 garbage-first heap   total 110592K, used 84351K [0x0000000704400000, 0x0000000800000000)
  region size 2048K, 11 young (22528K), 2 survivors (4096K)
 Metaspace       used 24767K, committed 25024K, reserved 1114112K
  class space    used 2661K, committed 2752K, reserved 1048576K
}
Event: 7.050 GC heap after
{Heap after GC invocations=16 (full 0):
 garbage-first heap   total 145408K, used 69714K [0x0000000704400000, 0x0000000800000000)
  region size 2048K, 2 young (4096K), 2 survivors (4096K)
 Metaspace       used 24767K, committed 25024K, reserved 1114112K
  class space    used 2661K, committed 2752K, reserved 1048576K
}
Event: 7.651 GC heap before
{Heap before GC invocations=17 (full 0):
 garbage-first heap   total 145408K, used 102482K [0x0000000704400000, 0x0000000800000000)
  region size 2048K, 19 young (38912K), 2 survivors (4096K)
 Metaspace       used 26245K, committed 26624K, reserved 1114112K
  class space    used 2821K, committed 3008K, reserved 1048576K
}
Event: 7.655 GC heap after
{Heap after GC invocations=18 (full 0):
 garbage-first heap   total 145408K, used 70521K [0x0000000704400000, 0x0000000800000000)
  region size 2048K, 1 young (2048K), 1 survivors (2048K)
 Metaspace       used 26245K, committed 26624K, reserved 1114112K
  class space    used 2821K, committed 3008K, reserved 1048576K
}
Event: 7.872 GC heap before
{Heap before GC invocations=18 (full 0):
 garbage-first heap   total 145408K, used 107385K [0x0000000704400000, 0x0000000800000000)
  region size 2048K, 19 young (38912K), 1 survivors (2048K)
 Metaspace       used 26579K, committed 26944K, reserved 1114112K
  class space    used 2863K, committed 3072K, reserved 1048576K
}
Event: 7.875 GC heap after
{Heap after GC invocations=19 (full 0):
 garbage-first heap   total 145408K, used 70546K [0x0000000704400000, 0x0000000800000000)
  region size 2048K, 1 young (2048K), 1 survivors (2048K)
 Metaspace       used 26579K, committed 26944K, reserved 1114112K
  class space    used 2863K, committed 3072K, reserved 1048576K
}

