# JRE version: Java(TM) SE Runtime Environment (17.0.16+12) (build 17.0.16+12-LTS-247)
# Java VM: Java HotSpot(TM) 64-Bit Server VM (17.0.16+12-LTS-247, mixed mode, sharing, tiered, compressed oops, compressed class ptrs, g1 gc, windows-amd64)
GC Precious Log:
 CPUs: 16 total, 16 available
 Memory: 16109M
 Large Page Support: Disabled
 NUMA Support: Disabled
 Compressed Oops: Enabled (Zero based)
 Heap Region Size: 2M
 Heap Min Capacity: 8M
 Heap Initial Capacity: 252M
 Heap Max Capacity: 4028M
 Pre-touch: Disabled
 Parallel Workers: 13
 Concurrent Workers: 3
 Concurrent Refinement Workers: 13
 Periodic GC: Disabled
Heap:
 garbage-first heap   total 120832K, used 69714K [0x0000000704400000, 0x0000000800000000)
  region size 2048K, 1 young (2048K), 1 survivors (2048K)
 Metaspace       used 26306K, committed 26624K, reserved 1114112K
  class space    used 2822K, committed 3008K, reserved 1048576K
GC Heap History (20 events):
Event: 4.027 GC heap after
{Heap after GC invocations=4 (full 0):
 garbage-first heap   total 258048K, used 18978K [0x0000000704400000, 0x0000000800000000)
  region size 2048K, 2 young (4096K), 2 survivors (4096K)
 Metaspace       used 21262K, committed 21504K, reserved 1114112K
  class space    used 2385K, committed 2496K, reserved 1048576K
}
Event: 4.602 GC heap before
{Heap before GC invocations=5 (full 0):
 garbage-first heap   total 75776K, used 59938K [0x0000000704400000, 0x0000000800000000)
  region size 2048K, 22 young (45056K), 2 survivors (4096K)
 Metaspace       used 22971K, committed 23296K, reserved 1114112K
  class space    used 2520K, committed 2688K, reserved 1048576K
}
Event: 4.609 GC heap after
{Heap after GC invocations=6 (full 0):
 garbage-first heap   total 86016K, used 39620K [0x0000000704400000, 0x0000000800000000)
  region size 2048K, 10 young (20480K), 10 survivors (20480K)
 Metaspace       used 22971K, committed 23296K, reserved 1114112K
  class space    used 2520K, committed 2688K, reserved 1048576K
}
Event: 4.784 GC heap before
{Heap before GC invocations=6 (full 0):
 garbage-first heap   total 86016K, used 51908K [0x0000000704400000, 0x0000000800000000)
  region size 2048K, 17 young (34816K), 10 survivors (20480K)
 Metaspace       used 22998K, committed 23296K, reserved 1114112K
  class space    used 2521K, committed 2688K, reserved 1048576K
}
Event: 4.790 GC heap after
{Heap after GC invocations=7 (full 0):
 garbage-first heap   total 86016K, used 45732K [0x0000000704400000, 0x0000000800000000)
  region size 2048K, 3 young (6144K), 3 survivors (6144K)
 Metaspace       used 22998K, committed 23296K, reserved 1114112K
  class space    used 2521K, committed 2688K, reserved 1048576K
}
Event: 4.882 GC heap before
{Heap before GC invocations=7 (full 0):
 garbage-first heap   total 86016K, used 58020K [0x0000000704400000, 0x0000000800000000)
  region size 2048K, 10 young (20480K), 3 survivors (6144K)
 Metaspace       used 23011K, committed 23360K, reserved 1114112K
  class space    used 2521K, committed 2688K, reserved 1048576K
}
Event: 4.886 GC heap after
{Heap after GC invocations=8 (full 0):
 garbage-first heap   total 86016K, used 52155K [0x0000000704400000, 0x0000000800000000)
  region size 2048K, 2 young (4096K), 2 survivors (4096K)
 Metaspace       used 23011K, committed 23360K, reserved 1114112K
  class space    used 2521K, committed 2688K, reserved 1048576K
}
Event: 5.071 GC heap before
{Heap before GC invocations=9 (full 0):
 garbage-first heap   total 92160K, used 62395K [0x0000000704400000, 0x0000000800000000)
  region size 2048K, 7 young (14336K), 2 survivors (4096K)
 Metaspace       used 23597K, committed 23808K, reserved 1114112K
  class space    used 2585K, committed 2688K, reserved 1048576K
}
Event: 5.077 GC heap after
{Heap after GC invocations=10 (full 0):
 garbage-first heap   total 110592K, used 54926K [0x0000000704400000, 0x0000000800000000)
  region size 2048K, 1 young (2048K), 1 survivors (2048K)
 Metaspace       used 23597K, committed 23808K, reserved 1114112K
  class space    used 2585K, committed 2688K, reserved 1048576K
}
Event: 5.091 GC heap before
{Heap before GC invocations=10 (full 0):
 garbage-first heap   total 110592K, used 56974K [0x0000000704400000, 0x0000000800000000)
  region size 2048K, 2 young (4096K), 1 survivors (2048K)
 Metaspace       used 23655K, committed 24000K, reserved 1114112K
  class space    used 2590K, committed 2752K, reserved 1048576K
}
Event: 5.096 GC heap after
{Heap after GC invocations=11 (full 0):
 garbage-first heap   total 110592K, used 55248K [0x0000000704400000, 0x0000000800000000)
  region size 2048K, 1 young (2048K), 1 survivors (2048K)
 Metaspace       used 23655K, committed 24000K, reserved 1114112K
  class space    used 2590K, committed 2752K, reserved 1048576K
}
Event: 5.232 GC heap before
{Heap before GC invocations=11 (full 0):
 garbage-first heap   total 110592K, used 73680K [0x0000000704400000, 0x0000000800000000)
  region size 2048K, 11 young (22528K), 1 survivors (2048K)
 Metaspace       used 23982K, committed 24256K, reserved 1114112K
  class space    used 2603K, committed 2752K, reserved 1048576K
}
Event: 5.238 GC heap after
{Heap after GC invocations=12 (full 0):
 garbage-first heap   total 110592K, used 59680K [0x0000000704400000, 0x0000000800000000)
  region size 2048K, 2 young (4096K), 2 survivors (4096K)
 Metaspace       used 23982K, committed 24256K, reserved 1114112K
  class space    used 2603K, committed 2752K, reserved 1048576K
}
Event: 5.399 GC heap before
{Heap before GC invocations=13 (full 0):
 garbage-first heap   total 110592K, used 80160K [0x0000000704400000, 0x0000000800000000)
  region size 2048K, 12 young (24576K), 2 survivors (4096K)
 Metaspace       used 24123K, committed 24384K, reserved 1114112K
  class space    used 2607K, committed 2752K, reserved 1048576K
}
Event: 5.411 GC heap after
{Heap after GC invocations=14 (full 0):
 garbage-first heap   total 110592K, used 65404K [0x0000000704400000, 0x0000000800000000)
  region size 2048K, 2 young (4096K), 2 survivors (4096K)
 Metaspace       used 24123K, committed 24384K, reserved 1114112K
  class space    used 2607K, committed 2752K, reserved 1048576K
}
Event: 5.723 GC heap before
{Heap before GC invocations=14 (full 0):
 garbage-first heap   total 110592K, used 83836K [0x0000000704400000, 0x0000000800000000)
  region size 2048K, 11 young (22528K), 2 survivors (4096K)
 Metaspace       used 24928K, committed 25216K, reserved 1114112K
  class space    used 2675K, committed 2816K, reserved 1048576K
}
Event: 5.732 GC heap after
{Heap after GC invocations=15 (full 0):
 garbage-first heap   total 110592K, used 68994K [0x0000000704400000, 0x0000000800000000)
  region size 2048K, 2 young (4096K), 2 survivors (4096K)
 Metaspace       used 24928K, committed 25216K, reserved 1114112K
  class space    used 2675K, committed 2816K, reserved 1048576K
}
Event: 6.058 GC heap before
{Heap before GC invocations=16 (full 0):
 garbage-first heap   total 120832K, used 83330K [0x0000000704400000, 0x0000000800000000)
  region size 2048K, 10 young (20480K), 2 survivors (4096K)
 Metaspace       used 25807K, committed 26048K, reserved 1114112K
  class space    used 2780K, committed 2880K, reserved 1048576K
}
Event: 6.063 GC heap after
{Heap after GC invocations=17 (full 0):
 garbage-first heap   total 120832K, used 69646K [0x0000000704400000, 0x0000000800000000)
  region size 2048K, 1 young (2048K), 1 survivors (2048K)
 Metaspace       used 25807K, committed 26048K, reserved 1114112K
  class space    used 2780K, committed 2880K, reserved 1048576K
}
Event: 6.258 GC heap before
{Heap before GC invocations=17 (full 0):
 garbage-first heap   total 120832K, used 92174K [0x0000000704400000, 0x0000000800000000)
  region size 2048K, 12 young (24576K), 1 survivors (2048K)
 Metaspace       used 26306K, committed 26624K, reserved 1114112K
  class space    used 2822K, committed 3008K, reserved 1048576K
}

